<?xml version="1.0" encoding="UTF-8"?>
<!-- Generated by org.testng.reporters.JUnitXMLReporter -->
<testsuite ignored="0" hostname="ASUS-PC" failures="0" tests="4" name="Default test" time="7.047" errors="0" timestamp="07 Dec 2021 18:41:18 GMT">
  <testcase classname="com.lms.test.restapi18.GetRequestLMSAPI" name="ValidateStatusCodeforSpecificProgramIDHardCoded" time="3.234"/>
  <testcase classname="com.lms.test.restapi18.GetRequestLMSAPI" name="DataDriven_Excel_testFindProgram" time="0.328"/>
  <testcase classname="com.lms.test.restapi18.GetRequestLMSAPI" name="ValidateStatusCode" time="1.031"/>
  <testcase classname="com.lms.test.restapi18.GetRequestLMSAPI" name="GetAllProgramDetails" time="0.926"/>
</testsuite> <!-- Default test -->
